<?xml version="1.0" encoding="UTF-8"?>
<!-- Generated by org.testng.reporters.JUnitXMLReporter -->
<testsuite hostname="Usernames-MBP.fios-router.home" ignored="0" name="Default test" tests="2" failures="0" timestamp="2020-06-25T19:23:15 EDT" time="0.033" errors="0">
  <testcase name="loginWithInvalidCredentials" time="0.005" classname="loginFuntionality.TestCase1"/>
  <testcase name="loginWithValidCredentials" time="0.0" classname="loginFuntionality.TestCase1"/>
</testsuite> <!-- Default test -->
