<?xml version="1.0" encoding="UTF-8"?>
<testng-results skipped="0" failed="0" ignored="0" total="2" passed="2">
  <reporter-output>
  </reporter-output>
  <suite name="Default suite" duration-ms="33" started-at="2020-06-25T19:23:15 EDT" finished-at="2020-06-25T19:23:15 EDT">
    <groups>
    </groups>
    <test name="Default test" duration-ms="33" started-at="2020-06-25T19:23:15 EDT" finished-at="2020-06-25T19:23:15 EDT">
      <class name="loginFuntionality.TestCase1">
        <test-method status="PASS" signature="loginWithInvalidCredentials()[pri:0, instance:loginFuntionality.TestCase1@67205a84]" name="loginWithInvalidCredentials" duration-ms="5" started-at="2020-06-25T19:23:15 EDT" finished-at="2020-06-25T19:23:15 EDT">
          <reporter-output>
          </reporter-output>
        </test-method> <!-- loginWithInvalidCredentials -->
        <test-method status="PASS" signature="loginWithValidCredentials()[pri:0, instance:loginFuntionality.TestCase1@67205a84]" name="loginWithValidCredentials" duration-ms="0" started-at="2020-06-25T19:23:15 EDT" finished-at="2020-06-25T19:23:15 EDT">
          <reporter-output>
          </reporter-output>
        </test-method> <!-- loginWithValidCredentials -->
      </class> <!-- loginFuntionality.TestCase1 -->
    </test> <!-- Default test -->
  </suite> <!-- Default suite -->
</testng-results>
